A;3;item-1-13;test;2143;7;ia;IA2Mg;low;file:src-/com/sun/jini/outrigger/OutriggerImpl.java;71;54;16;ServiceRegistrar;849;242;6010953;1746;440.8513;3742;1996
A;3;item-1-13;test;2173;1;da;DA1R;;file:src-/com/sun/jini/outrigger/OutriggerImpl.java;73;43;13;Configuration;749;276;6022632;2600;456.1268;1217;-1383
A;3;item-1-13;test;2228;8;ia;IA2F;low;file:src-/com/sun/jini/outrigger/OutriggerImpl.java;75;36;10;SpaceProxy;681;310;6040897;3418;476.35580000000004;3873;455
A;3;item-1-13;test;2237;5;da;DA1C;;file:src-/com/sun/jini/outrigger/OutriggerImpl.java;76;41;11;ServiceItem;725;327;6044590;4916;480.8704;9364;4448
A;3;item-1-13;test;2254;10;ia;IA2Mg;low;file:src-/com/sun/jini/outrigger/OutriggerImpl.java;78;46;5;Lease;741;361;6050685;2728;491.68850000000003;4694;1966
A;3;item-1-13;test;2264;9;ia;IA1Mr;low;file:src-/com/sun/jini/outrigger/OutriggerImpl.java;77;53;19;ServiceRegistration;853;344;6053694;1210;497.3279;1716;506
A;3;item-1-13;test;2270;11;ia;IA2F;low;file:src-/com/sun/jini/outrigger/OutriggerImpl.java;78;14;19;LeaseRenewalManager;541;361;6055628;250;499.7877;514;264
A;3;item-1-13;test;2361;2;da;DA1R;;file:src-/com/sun/jini/outrigger/OutriggerImpl.java;76;14;16;ServiceRegistrar;529;327;6082360;2618;523.2665999999999;4793;2175
A;3;item-1-14;test;2567;12;da;DA1C;;file:src-/com/sun/jini/outrigger/OutriggerImpl.java;129;34;17;BasicJeriExporter;693;191;6152078;4968;599.8187999999999;5042;74
A;3;item-1-15;test;2791;15;da;DA1R;;file:src-/com/sun/jini/outrigger/OutriggerImpl.java;207;36;8;EntryRep;673;208;6229130;6212;689.2942999999999;6465;253
A;3;item-1-15;test;2849;18;da;DA1R;;file:src-/com/sun/jini/outrigger/OutriggerImpl.java;211;14;11;QueryCookie;509;276;6247468;548;715.8125999999999;147;-401
A;3;item-1-16;test;2989;20;da;DA1R;;file:src-/com/sun/jini/outrigger/OutriggerImpl.java;273;44;4;Uuid;721;208;6294741;1406;747.9621;1313;-93
A;3;item-1-16;test;3003;22;da;DA1C;;file:src-/com/sun/jini/outrigger/OutriggerImpl.java;275;33;24;EventRegistrationWatcher;713;242;6299280;2502;753.353;8064;5562
A;3;item-1-16;test;3074;23;da;DA1R;;file:src-/com/sun/jini/outrigger/OutriggerImpl.java;277;24;24;EventRegistrationWatcher;641;276;6320662;3184;796.1995999999999;7993;4809
A;3;item-1-16;test;3157;24;da;DA1R;;file:src-/com/sun/jini/outrigger/OutriggerImpl.java;277;51;8;EntryRep;793;276;6346704;284;847.4601999999999;970;686
A;3;item-1-17;test;3198;29;da;DA1R;;file:src-/com/sun/jini/outrigger/OutriggerImpl.java;337;26;8;EntryRep;593;174;6358178;120;866.7472999999999;1006;886
A;3;item-1-17;test;3211;30;da;DA1R;;file:src-/com/sun/jini/outrigger/OutriggerImpl.java;340;26;8;EntryRep;593;225;6361059;9052;873.1066;9201;149
A;3;item-1-17;test;3241;31;da;DA1R;;file:src-/com/sun/jini/outrigger/OutriggerImpl.java;342;24;11;EntryHandle;589;259;6371889;19408;885.1023999999999;24179;4771
A;3;item-1-17;test;3306;34;da;DA1R;;file:src-/com/sun/jini/outrigger/OutriggerImpl.java;345;18;8;EntryRep;529;310;6396716;970;914.8027999999999;2146;1176
A;3;item-1-17;test;3312;33;da;DA1R;;file:src-/com/sun/jini/outrigger/OutriggerImpl.java;344;48;8;EntryRep;769;293;6399024;448;920.3847999999999;1126;678
A;3;item-1-17;test;3327;32;da;DA1R;;file:src-/com/sun/jini/outrigger/OutriggerImpl.java;344;30;6;Result;617;293;6403473;1494;930.8731999999999;4062;2568
A;3;item-1-19;test;3933;35;da;DA1R;;file:src-/com/sun/jini/outrigger/SpaceProxy.java;75;48;5;Entry;757;293;6591313;160;1197.7088;137;-23
A;3;item-1-20;test;4044;36;da;DA1R;;file:src-/com/sun/jini/outrigger/SpaceProxy.java;134;46;5;Entry;741;123;6625344;792;1228.1385999999998;166;-626
A;3;item-1-20;test;4084;39;da;DA1R;;file:src-/com/sun/jini/outrigger/SpaceProxy.java;141;52;5;Entry;789;242;6639757;490;1244.7874;123;-367
A;3;item-1-20;test;4137;38;da;DA1R;;file:src-/com/sun/jini/outrigger/SpaceProxy.java;138;18;5;Entry;517;191;6654688;226;1277.4764;111;-115
A;3;item-2-08;control;5474;40;da;DA1C;;file:src_/com/sun/jini/example/voucher/Server.java;14;9;10;serverImpl;465;293;7382992;178;1533.5176999999999;101;-77
A;3;item-2-09;control;5664;41;da;DA1R;;file:src_/com/sun/jini/example/voucher/Server.java;76;9;16;discoveryManager;489;293;7438218;874;1586.618;437;-437
A;3;item-2-13;control;6237;45;ia;IA2Mg;high;file:src_/com/sun/jini/example/voucher/VoucherDistribution.java;65;47;13;getRegistrars;781;106;7605968;200;1724.7635;964;764
A;3;item-2-13;control;6282;46;ia;IA2Mg;high;file:src_/com/sun/jini/example/voucher/VoucherDistribution.java;68;30;12;getServiceID;641;157;7620055;50;1751.1089;1049;999
A;3;item-2-13;control;6300;47;ia;IA2Mg;high;file:src_/com/sun/jini/example/voucher/VoucherDistribution.java;69;37;10;getLocator;689;174;7625130;278;1764.0326;1013;735
A;3;item-2-13;control;6319;48;ia;IA2Mr;low;file:src_/com/sun/jini/example/voucher/VoucherDistribution.java;72;39;5;items;685;225;7631031;182;1774.7539;1000;818
A;3;item-2-13;control;6479;42;da;DA1R;;file:src_/com/sun/jini/example/voucher/VoucherDistribution.java;69;74;10;getLocator;985;174;7677072;382;1844.3329;1015;633
A;3;item-2-14;control;6555;53;da;DA1R;;file:src_/com/sun/jini/example/voucher/VoucherDistribution.java;140;30;5;space;613;259;7702125;332;1897.7290999999998;86;-246
A;3;item-2-14;control;6556;51;da;DA1C;;file:src_/com/sun/jini/example/voucher/VoucherDistribution.java;140;37;7;voucher;677;259;7702493;214;1897.902;589;375
A;3;item-2-15;control;6642;60;ia;IA2Mg;high;file:src_/com/sun/jini/example/voucher/VoucherDistribution.java;197;24;12;getServiceID;593;174;7726910;8258;1930.6747;16198;7940
A;3;item-2-15;control;6720;59;ia;IA2F;high;file:src_/com/sun/jini/example/voucher/VoucherDistribution.java;196;63;8;location;889;157;7751994;276;1978.0847;95;-181
A;3;item-2-17;control;7203;62;da;DA1R;;file:src_/com/sun/jini/example/voucher/Client.java;72;9;16;discoveryManager;489;242;7896155;1354;2097.2076;519;-835
A;3;item-2-18;control;7407;79;ia;IA1Mr;low;file:src_/com/sun/jini/example/voucher/Client.java;145;41;17;eventRegistration;749;310;7952768;5864;2186.6777;16202;10338
A;3;item-2-20;control;7720;81;ia;IA2Mg;low;file:src_/com/sun/jini/example/voucher/VoucherConsumer.java;73;34;8;getLease;657;259;8043853;262;2306.2649;110;-152
